Tue Oct 04 18:08:51 SGT 2022  [debug] AvalonLogSystem initialized using logfile 'velocity.log'
Tue Oct 04 18:08:51 SGT 2022   [info] ************************************************************** 
Tue Oct 04 18:08:51 SGT 2022   [info] Starting Jakarta Velocity v1.4
Tue Oct 04 18:08:51 SGT 2022   [info] RuntimeInstance initializing.
Tue Oct 04 18:08:51 SGT 2022   [info] Default Properties File: org\apache\velocity\runtime\defaults\velocity.properties
Tue Oct 04 18:08:51 SGT 2022   [info] Trying to use logger class org.apache.velocity.runtime.log.AvalonLogSystem
Tue Oct 04 18:08:51 SGT 2022   [info] Using logger class org.apache.velocity.runtime.log.AvalonLogSystem
Tue Oct 04 18:08:51 SGT 2022   [info] Default ResourceManager initializing. (class org.apache.velocity.runtime.resource.ResourceManagerImpl)
Tue Oct 04 18:08:51 SGT 2022   [info] Resource Loader Instantiated: org.apache.velocity.runtime.resource.loader.ClasspathResourceLoader
Tue Oct 04 18:08:51 SGT 2022   [info] ClasspathResourceLoader : initialization starting.
Tue Oct 04 18:08:51 SGT 2022   [info] ClasspathResourceLoader : initialization complete.
Tue Oct 04 18:08:51 SGT 2022   [info] ResourceCache : initialized. (class org.apache.velocity.runtime.resource.ResourceCacheImpl)
Tue Oct 04 18:08:51 SGT 2022   [info] Default ResourceManager initialization complete.
Tue Oct 04 18:08:51 SGT 2022   [info] Loaded System Directive: org.apache.velocity.runtime.directive.Literal
Tue Oct 04 18:08:51 SGT 2022   [info] Loaded System Directive: org.apache.velocity.runtime.directive.Macro
Tue Oct 04 18:08:51 SGT 2022   [info] Loaded System Directive: org.apache.velocity.runtime.directive.Parse
Tue Oct 04 18:08:51 SGT 2022   [info] Loaded System Directive: org.apache.velocity.runtime.directive.Include
Tue Oct 04 18:08:51 SGT 2022   [info] Loaded System Directive: org.apache.velocity.runtime.directive.Foreach
Tue Oct 04 18:08:51 SGT 2022   [info] Created: 20 parsers.
Tue Oct 04 18:08:51 SGT 2022   [info] Velocimacro : initialization starting.
Tue Oct 04 18:08:51 SGT 2022   [info] Velocimacro : adding VMs from VM library template : VM_global_library.vm
Tue Oct 04 18:08:51 SGT 2022  [error] ResourceManager : unable to find resource 'VM_global_library.vm' in any resource loader.
Tue Oct 04 18:08:51 SGT 2022   [info] Velocimacro : error using  VM library template VM_global_library.vm : org.apache.velocity.exception.ResourceNotFoundException: Unable to find resource 'VM_global_library.vm'
Tue Oct 04 18:08:51 SGT 2022   [info] Velocimacro :  VM library template macro registration complete.
Tue Oct 04 18:08:51 SGT 2022   [info] Velocimacro : allowInline = true : VMs can be defined inline in templates
Tue Oct 04 18:08:51 SGT 2022   [info] Velocimacro : allowInlineToOverride = false : VMs defined inline may NOT replace previous VM definitions
Tue Oct 04 18:08:51 SGT 2022   [info] Velocimacro : allowInlineLocal = false : VMs defined inline will be  global in scope if allowed.
Tue Oct 04 18:08:51 SGT 2022   [info] Velocimacro : messages on  : VM system will output logging messages
Tue Oct 04 18:08:51 SGT 2022   [info] Velocimacro : autoload off  : VM system will not automatically reload global library macros
Tue Oct 04 18:08:51 SGT 2022   [info] Velocimacro : initialization complete.
Tue Oct 04 18:08:51 SGT 2022   [info] Velocity successfully started.
Tue Oct 04 18:08:58 SGT 2022   [info] ResourceManager : found org/uncommons/reportng/templates/html/index.html.vm with loader org.apache.velocity.runtime.resource.loader.ClasspathResourceLoader
Tue Oct 04 18:08:58 SGT 2022   [info] ResourceManager : found org/uncommons/reportng/templates/html/overview.html.vm with loader org.apache.velocity.runtime.resource.loader.ClasspathResourceLoader
Tue Oct 04 18:08:58 SGT 2022   [info] ResourceManager : found org/uncommons/reportng/templates/html/suites.html.vm with loader org.apache.velocity.runtime.resource.loader.ClasspathResourceLoader
Tue Oct 04 18:08:58 SGT 2022   [info] ResourceManager : found org/uncommons/reportng/templates/html/results.html.vm with loader org.apache.velocity.runtime.resource.loader.ClasspathResourceLoader
Tue Oct 04 18:08:58 SGT 2022   [info] ResourceManager : found org/uncommons/reportng/templates/html/class-results.html.vm with loader org.apache.velocity.runtime.resource.loader.ClasspathResourceLoader
Tue Oct 04 18:08:58 SGT 2022   [info] ResourceManager : found org/uncommons/reportng/templates/html/class-results.html.vm with loader org.apache.velocity.runtime.resource.loader.ClasspathResourceLoader
Tue Oct 04 18:08:58 SGT 2022   [info] ResourceManager : found org/uncommons/reportng/templates/html/output.html.vm with loader org.apache.velocity.runtime.resource.loader.ClasspathResourceLoader
